<?xml version="1.0" encoding="UTF-8"?>
<testsuite name="com.ms.movie.MovieApplicationTests" tests="1" skipped="0" failures="0" errors="0" timestamp="2020-05-02T04:26:47" hostname="DESKTOP-J1ENV4J" time="0.376">
  <properties/>
  <testcase name="contextLoads()" classname="com.ms.movie.MovieApplicationTests" time="0.376"/>
  <system-out><![CDATA[06:26:43.258 [Test worker] DEBUG org.springframework.test.context.BootstrapUtils - Instantiating CacheAwareContextLoaderDelegate from class [org.springframework.test.context.cache.DefaultCacheAwareContextLoaderDelegate]
06:26:43.279 [Test worker] DEBUG org.springframework.test.context.BootstrapUtils - Instantiating BootstrapContext using constructor [public org.springframework.test.context.support.DefaultBootstrapContext(java.lang.Class,org.springframework.test.context.CacheAwareContextLoaderDelegate)]
06:26:43.317 [Test worker] DEBUG org.springframework.test.context.BootstrapUtils - Instantiating TestContextBootstrapper for test class [com.ms.movie.MovieApplicationTests] from class [org.springframework.boot.test.context.SpringBootTestContextBootstrapper]
06:26:43.331 [Test worker] INFO org.springframework.boot.test.context.SpringBootTestContextBootstrapper - Neither @ContextConfiguration nor @ContextHierarchy found for test class [com.ms.movie.MovieApplicationTests], using SpringBootContextLoader
06:26:43.335 [Test worker] DEBUG org.springframework.test.context.support.AbstractContextLoader - Did not detect default resource location for test class [com.ms.movie.MovieApplicationTests]: class path resource [com/ms/movie/MovieApplicationTests-context.xml] does not exist
06:26:43.335 [Test worker] DEBUG org.springframework.test.context.support.AbstractContextLoader - Did not detect default resource location for test class [com.ms.movie.MovieApplicationTests]: class path resource [com/ms/movie/MovieApplicationTestsContext.groovy] does not exist
06:26:43.335 [Test worker] INFO org.springframework.test.context.support.AbstractContextLoader - Could not detect default resource locations for test class [com.ms.movie.MovieApplicationTests]: no resource found for suffixes {-context.xml, Context.groovy}.
06:26:43.336 [Test worker] INFO org.springframework.test.context.support.AnnotationConfigContextLoaderUtils - Could not detect default configuration classes for test class [com.ms.movie.MovieApplicationTests]: MovieApplicationTests does not declare any static, non-private, non-final, nested classes annotated with @Configuration.
06:26:43.368 [Test worker] DEBUG org.springframework.test.context.support.ActiveProfilesUtils - Could not find an 'annotation declaring class' for annotation type [org.springframework.test.context.ActiveProfiles] and class [com.ms.movie.MovieApplicationTests]
06:26:43.430 [Test worker] DEBUG org.springframework.context.annotation.ClassPathScanningCandidateComponentProvider - Identified candidate component class: file [C:\Users\pierr\Desktop\M1 VMI\Programmation Web\MovieAnalytics\movie\build\classes\java\main\com\ms\movie\MovieApplication.class]
06:26:43.431 [Test worker] INFO org.springframework.boot.test.context.SpringBootTestContextBootstrapper - Found @SpringBootConfiguration com.ms.movie.MovieApplication for test class com.ms.movie.MovieApplicationTests
06:26:43.553 [Test worker] DEBUG org.springframework.boot.test.context.SpringBootTestContextBootstrapper - @TestExecutionListeners is not present for class [com.ms.movie.MovieApplicationTests]: using defaults.
06:26:43.554 [Test worker] INFO org.springframework.boot.test.context.SpringBootTestContextBootstrapper - Loaded default TestExecutionListener class names from location [META-INF/spring.factories]: [org.springframework.boot.test.autoconfigure.restdocs.RestDocsTestExecutionListener, org.springframework.boot.test.autoconfigure.web.client.MockRestServiceServerResetTestExecutionListener, org.springframework.boot.test.autoconfigure.web.servlet.MockMvcPrintOnlyOnFailureTestExecutionListener, org.springframework.boot.test.autoconfigure.web.servlet.WebDriverTestExecutionListener, org.springframework.boot.test.mock.mockito.MockitoTestExecutionListener, org.springframework.boot.test.mock.mockito.ResetMocksTestExecutionListener, org.springframework.test.context.web.ServletTestExecutionListener, org.springframework.test.context.support.DirtiesContextBeforeModesTestExecutionListener, org.springframework.test.context.support.DependencyInjectionTestExecutionListener, org.springframework.test.context.support.DirtiesContextTestExecutionListener, org.springframework.test.context.transaction.TransactionalTestExecutionListener, org.springframework.test.context.jdbc.SqlScriptsTestExecutionListener, org.springframework.test.context.event.EventPublishingTestExecutionListener]
06:26:43.572 [Test worker] INFO org.springframework.boot.test.context.SpringBootTestContextBootstrapper - Using TestExecutionListeners: [org.springframework.test.context.web.ServletTestExecutionListener@4847384c, org.springframework.test.context.support.DirtiesContextBeforeModesTestExecutionListener@18bb6b29, org.springframework.boot.test.mock.mockito.MockitoTestExecutionListener@7db464f0, org.springframework.boot.test.autoconfigure.SpringBootDependencyInjectionTestExecutionListener@5e565c0d, org.springframework.test.context.support.DirtiesContextTestExecutionListener@2f229ad3, org.springframework.test.context.transaction.TransactionalTestExecutionListener@6c035e3d, org.springframework.test.context.jdbc.SqlScriptsTestExecutionListener@324e34a9, org.springframework.test.context.event.EventPublishingTestExecutionListener@5e94b0d9, org.springframework.boot.test.autoconfigure.restdocs.RestDocsTestExecutionListener@655b4dda, org.springframework.boot.test.autoconfigure.web.client.MockRestServiceServerResetTestExecutionListener@135f05fa, org.springframework.boot.test.autoconfigure.web.servlet.MockMvcPrintOnlyOnFailureTestExecutionListener@50f78044, org.springframework.boot.test.autoconfigure.web.servlet.WebDriverTestExecutionListener@2b1ef0fb, org.springframework.boot.test.mock.mockito.ResetMocksTestExecutionListener@14945ddf]
06:26:43.577 [Test worker] DEBUG org.springframework.test.context.support.AbstractDirtiesContextTestExecutionListener - Before test class: context [DefaultTestContext@6a2956a6 testClass = MovieApplicationTests, testInstance = [null], testMethod = [null], testException = [null], mergedContextConfiguration = [WebMergedContextConfiguration@5c231b79 testClass = MovieApplicationTests, locations = '{}', classes = '{class com.ms.movie.MovieApplication}', contextInitializerClasses = '[]', activeProfiles = '{}', propertySourceLocations = '{}', propertySourceProperties = '{org.springframework.boot.test.context.SpringBootTestContextBootstrapper=true}', contextCustomizers = set[org.springframework.boot.test.autoconfigure.properties.PropertyMappingContextCustomizer@0, org.springframework.boot.test.autoconfigure.web.servlet.WebDriverContextCustomizerFactory$Customizer@5039ed96, org.springframework.boot.test.context.filter.ExcludeFilterContextCustomizer@ddba3ad, org.springframework.boot.test.json.DuplicateJsonObjectContextCustomizerFactory$DuplicateJsonObjectContextCustomizer@2ec44f4e, org.springframework.boot.test.mock.mockito.MockitoContextCustomizer@0, org.springframework.boot.test.web.client.TestRestTemplateContextCustomizer@2aaa087d], resourceBasePath = 'src/main/webapp', contextLoader = 'org.springframework.boot.test.context.SpringBootContextLoader', parent = [null]], attributes = map['org.springframework.test.context.web.ServletTestExecutionListener.activateListener' -> true]], class annotated with @DirtiesContext [false] with mode [null].
06:26:43.606 [Test worker] DEBUG org.springframework.test.context.support.TestPropertySourceUtils - Adding inlined properties to environment: {spring.jmx.enabled=false, org.springframework.boot.test.context.SpringBootTestContextBootstrapper=true, server.port=-1}

  .   ____          _            __ _ _
 /\\ / ___'_ __ _ _(_)_ __  __ _ \ \ \ \
( ( )\___ | '_ | '_| | '_ \/ _` | \ \ \ \
 \\/  ___)| |_)| | | | | || (_| |  ) ) ) )
  '  |____| .__|_| |_|_| |_\__, | / / / /
 =========|_|==============|___/=/_/_/_/
 :: Spring Boot ::        (v2.2.6.RELEASE)

2020-05-02 06:26:44.427  INFO 70272 --- [    Test worker] com.ms.movie.MovieApplicationTests       : No active profile set, falling back to default profiles: default
2020-05-02 06:26:44.882  INFO 70272 --- [    Test worker] .s.d.r.c.RepositoryConfigurationDelegate : Bootstrapping Spring Data MongoDB repositories in DEFAULT mode.
2020-05-02 06:26:45.022  INFO 70272 --- [    Test worker] .s.d.r.c.RepositoryConfigurationDelegate : Finished Spring Data repository scanning in 135ms. Found 1 MongoDB repository interfaces.
2020-05-02 06:26:45.232  INFO 70272 --- [    Test worker] o.s.cloud.context.scope.GenericScope     : BeanFactory id=c20641ff-b716-3719-93b5-83c357e894dc
2020-05-02 06:26:45.714  INFO 70272 --- [    Test worker] org.mongodb.driver.cluster               : Cluster created with settings {hosts=[localhost:27017], mode=SINGLE, requiredClusterType=UNKNOWN, serverSelectionTimeout='30000 ms', maxWaitQueueSize=500}
2020-05-02 06:26:45.769  INFO 70272 --- [localhost:27017] org.mongodb.driver.connection            : Opened connection [connectionId{localValue:1, serverValue:50}] to localhost:27017
2020-05-02 06:26:45.773  INFO 70272 --- [localhost:27017] org.mongodb.driver.cluster               : Monitor thread successfully connected to server with description ServerDescription{address=localhost:27017, type=STANDALONE, state=CONNECTED, ok=true, version=ServerVersion{versionList=[4, 2, 6]}, minWireVersion=0, maxWireVersion=8, maxDocumentSize=16777216, logicalSessionTimeoutMinutes=30, roundTripTimeNanos=2405400}
2020-05-02 06:26:46.283  WARN 70272 --- [    Test worker] c.n.c.sources.URLConfigurationSource     : No URLs will be polled as dynamic configuration sources.
2020-05-02 06:26:46.284  INFO 70272 --- [    Test worker] c.n.c.sources.URLConfigurationSource     : To enable URLs as dynamic configuration sources, define System property archaius.configurationSource.additionalUrls or make config.properties available on classpath.
2020-05-02 06:26:46.292  WARN 70272 --- [    Test worker] c.n.c.sources.URLConfigurationSource     : No URLs will be polled as dynamic configuration sources.
2020-05-02 06:26:46.292  INFO 70272 --- [    Test worker] c.n.c.sources.URLConfigurationSource     : To enable URLs as dynamic configuration sources, define System property archaius.configurationSource.additionalUrls or make config.properties available on classpath.
2020-05-02 06:26:46.605  INFO 70272 --- [    Test worker] o.s.s.concurrent.ThreadPoolTaskExecutor  : Initializing ExecutorService 'applicationTaskExecutor'
2020-05-02 06:26:47.472  WARN 70272 --- [    Test worker] ockingLoadBalancerClientRibbonWarnLogger : You already have RibbonLoadBalancerClient on your classpath. It will be used by default. As Spring Cloud Ribbon is in maintenance mode. We recommend switching to BlockingLoadBalancerClient instead. In order to use it, set the value of `spring.cloud.loadbalancer.ribbon.enabled` to `false` or remove spring-cloud-starter-netflix-ribbon from your project.
2020-05-02 06:26:47.564  INFO 70272 --- [    Test worker] com.ms.movie.MovieApplicationTests       : Started MovieApplicationTests in 3.949 seconds (JVM running for 5.371)
]]></system-out>
  <system-err><![CDATA[]]></system-err>
</testsuite>
